Build:Sep 19 2022
rst:0x1 (POWERON),boot:0x6f (SPI_FAST_FLASH_BOOT)
SPIWP:0xee
mode:DIO, clock div:2
load:0x4086c410,len:0xcf8
load:0x4086e610,len:0x2e44
load:0x40875728,len:0x113c
entry 0x4086c410
Set position ############################################
Set position ############################################
000:00:00:07.275 [MAI] [DEBUG] SX: Position: 0 Target: 360 Reached: 0 Error: 0 Ekp: 0.00 Eki: 0.00 Ekd: 0.00 Direction: FORWARD Power: 0
000:00:00:07.277 [MAI] [DEBUG] DX: Position: 0 Target: 360 Reached: 0 Error: 0 Ekp: 0.00 Eki: 0.00 Ekd: 0.00 Direction: FORWARD Power: 0
000:00:00:07.287 [MAI] [DEBUG] SX: Position: 0 Target: 360 Reached: 0 Error: 360 Ekp: 360.00 Eki: 5.45 Ekd: 0.02 Direction: FORWARD Power: 255
000:00:00:07.287 [MAI] [DEBUG] DX: Position: 0 Target: 360 Reached: 0 Error: 360 Ekp: 360.00 Eki: 5.45 Ekd: 0.02 Direction: FORWARD Power: 255
000:00:00:07.300 [MAI] [DEBUG] SX: Position: 0 Target: 360 Reached: 0 Error: 360 Ekp: 360.00 Eki: 5.49 Ekd: 0.00 Direction: FORWARD Power: 255
000:00:00:07.300 [MAI] [DEBUG] DX: Position: 0 Target: 360 Reached: 0 Error: 360 Ekp: 360.00 Eki: 5.49 Ekd: 0.00 Direction: FORWARD Power: 255
000:00:00:07.314 [MAI] [DEBUG] SX: Position: -1 Target: 360 Reached: 0 Error: 361 Ekp: 361.00 Eki: 5.53 Ekd: 0.01 Direction: FORWARD Power: 255
000:00:00:07.314 [MAI] [DEBUG] DX: Position: 20 Target: 360 Reached: 0 Error: 340 Ekp: 340.00 Eki: 5.53 Ekd: -0.15 Direction: FORWARD Power: 255
000:00:00:07.314 [MAI] [DEBUG] SX: Position: -1 Target: 360 Reached: 0 Error: 361 Ekp: 361.00 Eki: 5.58 Ekd: 0.00 Direction: FORWARD Power: 255
000:00:00:07.315 [MAI] [DEBUG] DX: Position: 34 Target: 360 Reached: 0 Error: 326 Ekp: 326.00 Eki: 5.58 Ekd: -0.10 Direction: FORWARD Power: 255
000:00:00:07.325 [MAI] [DEBUG] SX: Position: -1 Target: 360 Reached: 0 Error: 361 Ekp: 361.00 Eki: 5.59 Ekd: 0.00 Direction: FORWARD Power: 255
000:00:00:07.329 [MAI] [DEBUG] DX: Position: 34 Target: 360 Reached: 0 Error: 326 Ekp: 326.00 Eki: 5.58 Ekd: 0.00 Direction: FORWARD Power: 255
000:00:00:07.342 [MAI] [DEBUG] SX: Position: 0 Target: 360 Reached: 0 Error: 360 Ekp: 360.00 Eki: 5.64 Ekd: -0.01 Direction: FORWARD Power: 255
000:00:00:07.345 [MAI] [DEBUG] DX: Position: 50 Target: 360 Reached: 0 Error: 310 Ekp: 310.00 Eki: 5.62 Ekd: -0.11 Direction: FORWARD Power: 255
000:00:00:07.354 [MAI] [DEBUG] SX: Position: 5 Target: 360 Reached: 0 Error: 355 Ekp: 355.00 Eki: 5.69 Ekd: -0.03 Direction: FORWARD Power: 255
000:00:00:07.357 [MAI] [DEBUG] DX: Position: 74 Target: 360 Reached: 0 Error: 286 Ekp: 286.00 Eki: 5.67 Ekd: -0.15 Direction: FORWARD Power: 255
000:00:00:07.365 [MAI] [DEBUG] SX: Position: 11 Target: 360 Reached: 0 Error: 349 Ekp: 349.00 Eki: 5.74 Ekd: -0.05 Direction: FORWARD Power: 255
000:00:00:07.368 [MAI] [DEBUG] DX: Position: 86 Target: 360 Reached: 0 Error: 274 Ekp: 274.00 Eki: 5.70 Ekd: -0.10 Direction: FORWARD Power: 255
000:00:00:07.380 [MAI] [DEBUG] SX: Position: 17 Target: 360 Reached: 0 Error: 343 Ekp: 343.00 Eki: 5.77 Ekd: -0.05 Direction: FORWARD Power: 255
000:00:00:07.381 [MAI] [DEBUG] DX: Position: 90 Target: 360 Reached: 0 Error: 270 Ekp: 270.00 Eki: 5.73 Ekd: -0.04 Direction: FORWARD Power: 255
000:00:00:07.391 [MAI] [DEBUG] SX: Position: 26 Target: 360 Reached: 0 Error: 334 Ekp: 334.00 Eki: 5.82 Ekd: -0.07 Direction: FORWARD Power: 255
000:00:00:07.393 [MAI] [DEBUG] DX: Position: 102 Target: 360 Reached: 0 Error: 258 Ekp: 258.00 Eki: 5.76 Ekd: -0.09 Direction: FORWARD Power: 255
000:00:00:07.403 [MAI] [DEBUG] SX: Position: 33 Target: 360 Reached: 0 Error: 327 Ekp: 327.00 Eki: 5.86 Ekd: -0.06 Direction: FORWARD Power: 255
000:00:00:07.404 [MAI] [DEBUG] DX: Position: 114 Target: 360 Reached: 0 Error: 246 Ekp: 246.00 Eki: 5.79 Ekd: -0.10 Direction: FORWARD Power: 251
000:00:00:07.406 [MAI] [DEBUG] SX: Position: 39 Target: 360 Reached: 0 Error: 321 Ekp: 321.00 Eki: 5.89 Ekd: -0.05 Direction: FORWARD Power: 255
000:00:00:07.409 [MAI] [DEBUG] DX: Position: 128 Target: 360 Reached: 0 Error: 232 Ekp: 232.00 Eki: 5.82 Ekd: -0.12 Direction: FORWARD Power: 237
000:00:00:07.411 [MAI] [DEBUG] SX: Position: 42 Target: 360 Reached: 0 Error: 318 Ekp: 318.00 Eki: 5.91 Ekd: -0.06 Direction: FORWARD Power: 255
000:00:00:07.412 [MAI] [DEBUG] DX: Position: 130 Target: 360 Reached: 0 Error: 230 Ekp: 230.00 Eki: 5.83 Ekd: -0.05 Direction: FORWARD Power: 235
000:00:00:07.433 [MAI] [DEBUG] SX: Position: 44 Target: 360 Reached: 0 Error: 316 Ekp: 316.00 Eki: 5.92 Ekd: -0.07 Direction: FORWARD Power: 255
000:00:00:07.433 [MAI] [DEBUG] DX: Position: 132 Target: 360 Reached: 0 Error: 228 Ekp: 228.00 Eki: 5.84 Ekd: -0.07 Direction: FORWARD Power: 233
000:00:00:07.433 [MAI] [DEBUG] SX: Position: 57 Target: 360 Reached: 0 Error: 303 Ekp: 303.00 Eki: 5.98 Ekd: -0.06 Direction: FORWARD Power: 255
000:00:00:07.435 [MAI] [DEBUG] DX: Position: 158 Target: 360 Reached: 0 Error: 202 Ekp: 202.00 Eki: 5.88 Ekd: -0.12 Direction: FORWARD Power: 207
000:00:00:07.445 [MAI] [DEBUG] SX: Position: 58 Target: 360 Reached: 0 Error: 302 Ekp: 302.00 Eki: 5.99 Ekd: -0.03 Direction: FORWARD Power: 255
000:00:00:07.447 [MAI] [DEBUG] DX: Position: 160 Target: 360 Reached: 0 Error: 200 Ekp: 200.00 Eki: 5.89 Ekd: -0.07 Direction: FORWARD Power: 205
000:00:00:07.457 [MAI] [DEBUG] SX: Position: 67 Target: 360 Reached: 0 Error: 293 Ekp: 293.00 Eki: 6.02 Ekd: -0.08 Direction: FORWARD Power: 255
000:00:00:07.457 [MAI] [DEBUG] DX: Position: 172 Target: 360 Reached: 0 Error: 188 Ekp: 188.00 Eki: 5.91 Ekd: -0.11 Direction: FORWARD Power: 193
000:00:00:07.469 [MAI] [DEBUG] SX: Position: 74 Target: 360 Reached: 0 Error: 286 Ekp: 286.00 Eki: 6.05 Ekd: -0.07 Direction: FORWARD Power: 255
000:00:00:07.469 [MAI] [DEBUG] DX: Position: 182 Target: 360 Reached: 0 Error: 178 Ekp: 178.00 Eki: 5.93 Ekd: -0.10 Direction: FORWARD Power: 183
000:00:00:07.482 [MAI] [DEBUG] SX: Position: 83 Target: 360 Reached: 0 Error: 277 Ekp: 277.00 Eki: 6.08 Ekd: -0.08 Direction: FORWARD Power: 255
000:00:00:07.482 [MAI] [DEBUG] DX: Position: 192 Target: 360 Reached: 0 Error: 168 Ekp: 168.00 Eki: 5.95 Ekd: -0.08 Direction: FORWARD Power: 173
000:00:00:07.494 [MAI] [DEBUG] SX: Position: 90 Target: 360 Reached: 0 Error: 270 Ekp: 270.00 Eki: 6.12 Ekd: -0.05 Direction: FORWARD Power: 255
000:00:00:07.494 [MAI] [DEBUG] DX: Position: 202 Target: 360 Reached: 0 Error: 158 Ekp: 158.00 Eki: 5.97 Ekd: -0.08 Direction: FORWARD Power: 163
000:00:00:07.507 [MAI] [DEBUG] SX: Position: 99 Target: 360 Reached: 0 Error: 261 Ekp: 261.00 Eki: 6.15 Ekd: -0.08 Direction: FORWARD Power: 255
000:00:00:07.507 [MAI] [DEBUG] DX: Position: 212 Target: 360 Reached: 0 Error: 148 Ekp: 148.00 Eki: 5.98 Ekd: -0.08 Direction: FORWARD Power: 153
000:00:00:07.517 [MAI] [DEBUG] SX: Position: 109 Target: 360 Reached: 0 Error: 251 Ekp: 251.00 Eki: 6.18 Ekd: -0.08 Direction: FORWARD Power: 255
000:00:00:07.519 [MAI] [DEBUG] DX: Position: 220 Target: 360 Reached: 0 Error: 140 Ekp: 140.00 Eki: 6.00 Ekd: -0.06 Direction: FORWARD Power: 145
000:00:00:07.520 [MAI] [DEBUG] SX: Position: 116 Target: 360 Reached: 0 Error: 244 Ekp: 244.00 Eki: 6.21 Ekd: -0.06 Direction: FORWARD Power: 250
000:00:00:07.520 [MAI] [DEBUG] DX: Position: 228 Target: 360 Reached: 0 Error: 132 Ekp: 132.00 Eki: 6.02 Ekd: -0.07 Direction: FORWARD Power: 137
000:00:00:07.530 [MAI] [DEBUG] SX: Position: 117 Target: 360 Reached: 0 Error: 243 Ekp: 243.00 Eki: 6.22 Ekd: -0.10 Direction: FORWARD Power: 249
000:00:00:07.530 [MAI] [DEBUG] DX: Position: 228 Target: 360 Reached: 0 Error: 132 Ekp: 132.00 Eki: 6.02 Ekd: 0.00 Direction: FORWARD Power: 138
000:00:00:07.533 [MAI] [DEBUG] SX: Position: 124 Target: 360 Reached: 0 Error: 236 Ekp: 236.00 Eki: 6.24 Ekd: -0.07 Direction: FORWARD Power: 242
000:00:00:07.533 [MAI] [DEBUG] DX: Position: 233 Target: 360 Reached: 0 Error: 127 Ekp: 127.00 Eki: 6.03 Ekd: -0.04 Direction: FORWARD Power: 132
000:00:00:07.543 [MAI] [DEBUG] SX: Position: 127 Target: 360 Reached: 0 Error: 233 Ekp: 233.00 Eki: 6.25 Ekd: -0.10 Direction: FORWARD Power: 239
000:00:00:07.543 [MAI] [DEBUG] DX: Position: 236 Target: 360 Reached: 0 Error: 124 Ekp: 124.00 Eki: 6.04 Ekd: -0.30 Direction: FORWARD Power: 129
000:00:00:07.554 [MAI] [DEBUG] SX: Position: 134 Target: 360 Reached: 0 Error: 226 Ekp: 226.00 Eki: 6.27 Ekd: -0.07 Direction: FORWARD Power: 232
000:00:00:07.554 [MAI] [DEBUG] DX: Position: 244 Target: 360 Reached: 0 Error: 116 Ekp: 116.00 Eki: 6.05 Ekd: -0.08 Direction: FORWARD Power: 121
000:00:00:07.556 [MAI] [DEBUG] SX: Position: 143 Target: 360 Reached: 0 Error: 217 Ekp: 217.00 Eki: 6.29 Ekd: -0.08 Direction: FORWARD Power: 223
000:00:00:07.557 [MAI] [DEBUG] DX: Position: 250 Target: 360 Reached: 0 Error: 110 Ekp: 110.00 Eki: 6.06 Ekd: -0.05 Direction: FORWARD Power: 116
000:00:00:07.567 [MAI] [DEBUG] SX: Position: 145 Target: 360 Reached: 0 Error: 215 Ekp: 215.00 Eki: 6.30 Ekd: -0.07 Direction: FORWARD Power: 221
000:00:00:07.567 [MAI] [DEBUG] DX: Position: 252 Target: 360 Reached: 0 Error: 108 Ekp: 108.00 Eki: 6.06 Ekd: -0.07 Direction: FORWARD Power: 113
000:00:00:07.578 [MAI] [DEBUG] SX: Position: 153 Target: 360 Reached: 0 Error: 207 Ekp: 207.00 Eki: 6.32 Ekd: -0.07 Direction: FORWARD Power: 213
000:00:00:07.578 [MAI] [DEBUG] DX: Position: 264 Target: 360 Reached: 0 Error: 96 Ekp: 96.00 Eki: 6.07 Ekd: -0.11 Direction: FORWARD Power: 101
000:00:00:07.590 [MAI] [DEBUG] SX: Position: 161 Target: 360 Reached: 0 Error: 199 Ekp: 199.00 Eki: 6.34 Ekd: -0.08 Direction: FORWARD Power: 205
000:00:00:07.590 [MAI] [DEBUG] DX: Position: 266 Target: 360 Reached: 0 Error: 94 Ekp: 94.00 Eki: 6.08 Ekd: -0.02 Direction: FORWARD Power: 100
000:00:00:07.602 [MAI] [DEBUG] SX: Position: 169 Target: 360 Reached: 0 Error: 191 Ekp: 191.00 Eki: 6.36 Ekd: -0.07 Direction: FORWARD Power: 197
000:00:00:07.602 [MAI] [DEBUG] DX: Position: 274 Target: 360 Reached: 0 Error: 86 Ekp: 86.00 Eki: 6.09 Ekd: -0.07 Direction: FORWARD Power: 92
000:00:00:07.613 [MAI] [DEBUG] SX: Position: 178 Target: 360 Reached: 0 Error: 182 Ekp: 182.00 Eki: 6.39 Ekd: -0.08 Direction: FORWARD Power: 188
000:00:00:07.613 [MAI] [DEBUG] DX: Position: 286 Target: 360 Reached: 0 Error: 74 Ekp: 74.00 Eki: 6.10 Ekd: -0.10 Direction: FORWARD Power: 80
000:00:00:07.614 [MAI] [DEBUG] SX: Position: 186 Target: 360 Reached: 0 Error: 174 Ekp: 174.00 Eki: 6.41 Ekd: -0.07 Direction: FORWARD Power: 180
000:00:00:07.614 [MAI] [DEBUG] DX: Position: 296 Target: 360 Reached: 0 Error: 64 Ekp: 64.00 Eki: 6.11 Ekd: -0.09 Direction: FORWARD Power: 70
000:00:00:07.617 [MAI] [DEBUG] SX: Position: 187 Target: 360 Reached: 0 Error: 173 Ekp: 173.00 Eki: 6.41 Ekd: -0.10 Direction: FORWARD Power: 179
000:00:00:07.617 [MAI] [DEBUG] DX: Position: 296 Target: 360 Reached: 0 Error: 64 Ekp: 64.00 Eki: 6.11 Ekd: 0.00 Direction: FORWARD Power: 70
000:00:00:07.630 [MAI] [DEBUG] SX: Position: 189 Target: 360 Reached: 0 Error: 171 Ekp: 171.00 Eki: 6.41 Ekd: -0.07 Direction: FORWARD Power: 177
000:00:00:07.630 [MAI] [DEBUG] DX: Position: 298 Target: 360 Reached: 0 Error: 62 Ekp: 62.00 Eki: 6.11 Ekd: -0.07 Direction: FORWARD Power: 68
000:00:00:07.643 [MAI] [DEBUG] SX: Position: 198 Target: 360 Reached: 0 Error: 162 Ekp: 162.00 Eki: 6.43 Ekd: -0.07 Direction: FORWARD Power: 168
000:00:00:07.644 [MAI] [DEBUG] DX: Position: 300 Target: 360 Reached: 0 Error: 60 Ekp: 60.00 Eki: 6.12 Ekd: -0.02 Direction: FORWARD Power: 66
000:00:00:07.654 [MAI] [DEBUG] SX: Position: 208 Target: 360 Reached: 0 Error: 152 Ekp: 152.00 Eki: 6.45 Ekd: -0.07 Direction: FORWARD Power: 158
000:00:00:07.657 [MAI] [DEBUG] DX: Position: 308 Target: 360 Reached: 0 Error: 52 Ekp: 52.00 Eki: 6.13 Ekd: -0.06 Direction: FORWARD Power: 63
000:00:00:07.667 [MAI] [DEBUG] SX: Position: 217 Target: 360 Reached: 0 Error: 143 Ekp: 143.00 Eki: 6.47 Ekd: -0.07 Direction: FORWARD Power: 149
000:00:00:07.668 [MAI] [DEBUG] DX: Position: 314 Target: 360 Reached: 0 Error: 46 Ekp: 46.00 Eki: 6.13 Ekd: -0.05 Direction: FORWARD Power: 63
000:00:00:07.681 [MAI] [DEBUG] SX: Position: 224 Target: 360 Reached: 0 Error: 136 Ekp: 136.00 Eki: 6.49 Ekd: -0.06 Direction: FORWARD Power: 142
000:00:00:07.682 [MAI] [DEBUG] DX: Position: 318 Target: 360 Reached: 0 Error: 42 Ekp: 42.00 Eki: 6.14 Ekd: -0.04 Direction: FORWARD Power: 63
000:00:00:07.692 [MAI] [DEBUG] SX: Position: 233 Target: 360 Reached: 0 Error: 127 Ekp: 127.00 Eki: 6.51 Ekd: -0.06 Direction: FORWARD Power: 133
000:00:00:07.692 [MAI] [DEBUG] DX: Position: 324 Target: 360 Reached: 0 Error: 36 Ekp: 36.00 Eki: 6.14 Ekd: -0.04 Direction: FORWARD Power: 63
000:00:00:07.703 [MAI] [DEBUG] SX: Position: 240 Target: 360 Reached: 0 Error: 120 Ekp: 120.00 Eki: 6.52 Ekd: -0.07 Direction: FORWARD Power: 126
000:00:00:07.703 [MAI] [DEBUG] DX: Position: 324 Target: 360 Reached: 0 Error: 36 Ekp: 36.00 Eki: 6.15 Ekd: 0.00 Direction: FORWARD Power: 63
000:00:00:07.736 [MAI] [DEBUG] SX: Position: 258 Target: 360 Reached: 0 Error: 102 Ekp: 102.00 Eki: 6.55 Ekd: -0.05 Direction: FORWARD Power: 108
000:00:00:07.737 [MAI] [DEBUG] DX: Position: 340 Target: 360 Reached: 0 Error: 20 Ekp: 20.00 Eki: 6.15 Ekd: -0.05 Direction: FORWARD Power: 63
000:00:00:07.760 [MAI] [DEBUG] SX: Position: 271 Target: 360 Reached: 0 Error: 89 Ekp: 89.00 Eki: 6.57 Ekd: -0.06 Direction: FORWARD Power: 95
000:00:00:07.762 [MAI] [DEBUG] DX: Position: 348 Target: 360 Reached: 0 Error: 12 Ekp: 12.00 Eki: 6.15 Ekd: -0.03 Direction: FORWARD Power: 63
000:00:00:07.786 [MAI] [DEBUG] SX: Position: 285 Target: 360 Reached: 0 Error: 75 Ekp: 75.00 Eki: 6.59 Ekd: -0.06 Direction: FORWARD Power: 81
000:00:00:07.786 [MAI] [DEBUG] DX: Position: 360 Target: 360 Reached: 1 Error: 0 Ekp: 0.00 Eki: 6.15 Ekd: -0.05 Direction: BRAKE Power: 0
000:00:00:07.800 [MAI] [DEBUG] SX: Position: 297 Target: 360 Reached: 0 Error: 63 Ekp: 63.00 Eki: 6.61 Ekd: -0.05 Direction: FORWARD Power: 69
000:00:00:07.815 [MAI] [DEBUG] DX: Position: 362 Target: 360 Reached: 1 Error: -2 Ekp: -2.00 Eki: 6.15 Ekd: -0.01 Direction: BRAKE Power: 0
000:00:00:07.843 [MAI] [DEBUG] SX: Position: 310 Target: 360 Reached: 0 Error: 50 Ekp: 50.00 Eki: 6.62 Ekd: -0.05 Direction: FORWARD Power: 63
000:00:00:07.843 [MAI] [DEBUG] DX: Position: 368 Target: 360 Reached: 0 Error: -8 Ekp: -8.00 Eki: 6.15 Ekd: -0.02 Direction: BACKWARD Power: 0
000:00:00:07.865 [MAI] [DEBUG] SX: Position: 320 Target: 360 Reached: 0 Error: 40 Ekp: 40.00 Eki: 6.63 Ekd: -0.04 Direction: FORWARD Power: 63
000:00:00:07.866 [MAI] [DEBUG] DX: Position: 370 Target: 360 Reached: 0 Error: -10 Ekp: -10.00 Eki: 6.15 Ekd: -0.01 Direction: BACKWARD Power: 63
000:00:00:07.892 [MAI] [DEBUG] SX: Position: 331 Target: 360 Reached: 0 Error: 29 Ekp: 29.00 Eki: 6.64 Ekd: -0.04 Direction: FORWARD Power: 63
000:00:00:07.893 [MAI] [DEBUG] DX: Position: 381 Target: 360 Reached: 0 Error: -21 Ekp: -21.00 Eki: 6.14 Ekd: -0.04 Direction: BACKWARD Power: 63
000:00:00:07.928 [MAI] [DEBUG] SX: Position: 340 Target: 360 Reached: 0 Error: 20 Ekp: 20.00 Eki: 6.64 Ekd: -0.03 Direction: FORWARD Power: 63
000:00:00:07.932 [MAI] [DEBUG] DX: Position: 385 Target: 360 Reached: 0 Error: -25 Ekp: -25.00 Eki: 6.14 Ekd: -0.01 Direction: BACKWARD Power: 63
000:00:00:07.950 [MAI] [DEBUG] SX: Position: 348 Target: 360 Reached: 0 Error: 12 Ekp: 12.00 Eki: 6.65 Ekd: -0.03 Direction: FORWARD Power: 63
000:00:00:07.951 [MAI] [DEBUG] DX: Position: 393 Target: 360 Reached: 0 Error: -33 Ekp: -33.00 Eki: 6.13 Ekd: -0.03 Direction: BACKWARD Power: 63
000:00:00:07.973 [MAI] [DEBUG] SX: Position: 357 Target: 360 Reached: 0 Error: 3 Ekp: 3.00 Eki: 6.65 Ekd: -0.03 Direction: FORWARD Power: 63
000:00:00:07.976 [MAI] [DEBUG] DX: Position: 394 Target: 360 Reached: 0 Error: -34 Ekp: -34.00 Eki: 6.12 Ekd: -0.00 Direction: BACKWARD Power: 63
000:00:00:07.996 [MAI] [DEBUG] SX: Position: 364 Target: 360 Reached: 0 Error: -4 Ekp: -4.00 Eki: 6.65 Ekd: -0.03 Direction: FORWARD Power: 63
000:00:00:07.996 [MAI] [DEBUG] DX: Position: 395 Target: 360 Reached: 0 Error: -35 Ekp: -35.00 Eki: 6.11 Ekd: -0.00 Direction: BACKWARD Power: 63
000:00:00:08.021 [MAI] [DEBUG] SX: Position: 371 Target: 360 Reached: 0 Error: -11 Ekp: -11.00 Eki: 6.64 Ekd: -0.03 Direction: BACKWARD Power: 63
000:00:00:08.023 [MAI] [DEBUG] DX: Position: 391 Target: 360 Reached: 0 Error: -31 Ekp: -31.00 Eki: 6.10 Ekd: 0.02 Direction: BACKWARD Power: 63
000:00:00:08.050 [MAI] [DEBUG] SX: Position: 377 Target: 360 Reached: 0 Error: -17 Ekp: -17.00 Eki: 6.64 Ekd: -0.02 Direction: BACKWARD Power: 63
000:00:00:08.051 [MAI] [DEBUG] DX: Position: 390 Target: 360 Reached: 0 Error: -30 Ekp: -30.00 Eki: 6.10 Ekd: 0.00 Direction: BACKWARD Power: 63
000:00:00:08.071 [MAI] [DEBUG] SX: Position: 379 Target: 360 Reached: 0 Error: -19 Ekp: -19.00 Eki: 6.64 Ekd: -0.01 Direction: BACKWARD Power: 63
000:00:00:08.071 [MAI] [DEBUG] DX: Position: 379 Target: 360 Reached: 0 Error: -19 Ekp: -19.00 Eki: 6.09 Ekd: 0.04 Direction: BACKWARD Power: 63
000:00:00:08.084 [MAI] [DEBUG] SX: Position: 380 Target: 360 Reached: 0 Error: -20 Ekp: -20.00 Eki: 6.63 Ekd: -0.00 Direction: BACKWARD Power: 63
000:00:00:08.099 [MAI] [DEBUG] DX: Position: 384 Target: 360 Reached: 0 Error: -24 Ekp: -24.00 Eki: 6.09 Ekd: -0.02 Direction: BACKWARD Power: 63
000:00:00:08.113 [MAI] [DEBUG] SX: Position: 379 Target: 360 Reached: 0 Error: -19 Ekp: -19.00 Eki: 6.63 Ekd: 0.00 Direction: BACKWARD Power: 63
000:00:00:08.125 [MAI] [DEBUG] DX: Position: 373 Target: 360 Reached: 0 Error: -13 Ekp: -13.00 Eki: 6.08 Ekd: 0.04 Direction: BACKWARD Power: 63
000:00:00:08.138 [MAI] [DEBUG] SX: Position: 377 Target: 360 Reached: 0 Error: -17 Ekp: -17.00 Eki: 6.62 Ekd: 0.01 Direction: BACKWARD Power: 63
000:00:00:08.151 [MAI] [DEBUG] DX: Position: 370 Target: 360 Reached: 0 Error: -10 Ekp: -10.00 Eki: 6.08 Ekd: 0.01 Direction: BACKWARD Power: 63
000:00:00:08.174 [MAI] [DEBUG] SX: Position: 375 Target: 360 Reached: 0 Error: -15 Ekp: -15.00 Eki: 6.62 Ekd: 0.01 Direction: BACKWARD Power: 63
000:00:00:08.174 [MAI] [DEBUG] DX: Position: 368 Target: 360 Reached: 0 Error: -8 Ekp: -8.00 Eki: 6.08 Ekd: 0.01 Direction: BACKWARD Power: 0
000:00:00:08.213 [MAI] [DEBUG] SX: Position: 373 Target: 360 Reached: 0 Error: -13 Ekp: -13.00 Eki: 6.61 Ekd: 0.01 Direction: BACKWARD Power: 63
000:00:00:08.214 [MAI] [DEBUG] DX: Position: 365 Target: 360 Reached: 0 Error: -5 Ekp: -5.00 Eki: 6.08 Ekd: 0.01 Direction: FORWARD Power: 0
000:00:00:08.227 [MAI] [DEBUG] SX: Position: 370 Target: 360 Reached: 0 Error: -10 Ekp: -10.00 Eki: 6.61 Ekd: 0.01 Direction: BACKWARD Power: 63
000:00:00:08.229 [MAI] [DEBUG] DX: Position: 375 Target: 360 Reached: 0 Error: -15 Ekp: -15.00 Eki: 6.07 Ekd: -0.04 Direction: BACKWARD Power: 63
000:00:00:08.243 [MAI] [DEBUG] SX: Position: 366 Target: 360 Reached: 0 Error: -6 Ekp: -6.00 Eki: 6.61 Ekd: 0.02 Direction: FORWARD Power: 0
000:00:00:08.256 [MAI] [DEBUG] DX: Position: 369 Target: 360 Reached: 0 Error: -9 Ekp: -9.00 Eki: 6.07 Ekd: 0.02 Direction: BACKWARD Power: 63
000:00:00:08.283 [MAI] [DEBUG] SX: Position: 363 Target: 360 Reached: 0 Error: -3 Ekp: -3.00 Eki: 6.61 Ekd: 0.01 Direction: FORWARD Power: 63
000:00:00:08.284 [MAI] [DEBUG] DX: Position: 357 Target: 360 Reached: 0 Error: 3 Ekp: 3.00 Eki: 6.07 Ekd: 0.04 Direction: FORWARD Power: 63
000:00:00:08.316 [MAI] [DEBUG] SX: Position: 361 Target: 360 Reached: 1 Error: -1 Ekp: -1.00 Eki: 6.61 Ekd: 0.01 Direction: BRAKE Power: 0
000:00:00:08.317 [MAI] [DEBUG] DX: Position: 358 Target: 360 Reached: 1 Error: 2 Ekp: 2.00 Eki: 6.07 Ekd: -0.00 Direction: BRAKE Power: 0
000:00:00:08.328 [MAI] [DEBUG] SX: Position: 360 Target: 360 Reached: 1 Error: 0 Ekp: 0.00 Eki: 6.61 Ekd: 0.00 Direction: BRAKE Power: 0
000:00:00:08.337 [MAI] [DEBUG] DX: Position: 356 Target: 360 Reached: 0 Error: 4 Ekp: 4.00 Eki: 6.07 Ekd: 0.01 Direction: FORWARD Power: 63
000:00:00:08.360 [MAI] [DEBUG] SX: Position: 359 Target: 360 Reached: 1 Error: 1 Ekp: 1.00 Eki: 6.61 Ekd: 0.00 Direction: BRAKE Power: 0
000:00:00:08.364 [MAI] [DEBUG] DX: Position: 355 Target: 360 Reached: 0 Error: 5 Ekp: 5.00 Eki: 6.07 Ekd: 0.00 Direction: FORWARD Power: 63
000:00:00:08.379 [MAI] [DEBUG] SX: Position: 358 Target: 360 Reached: 1 Error: 2 Ekp: 2.00 Eki: 6.61 Ekd: 0.00 Direction: BRAKE Power: 0
000:00:00:08.380 [MAI] [DEBUG] DX: Position: 368 Target: 360 Reached: 0 Error: -8 Ekp: -8.00 Eki: 6.07 Ekd: -0.05 Direction: BACKWARD Power: 0
000:00:00:08.415 [MAI] [DEBUG] SX: Position: 358 Target: 360 Reached: 1 Error: 2 Ekp: 2.00 Eki: 6.61 Ekd: 0.00 Direction: BRAKE Power: 0
000:00:00:08.420 [MAI] [DEBUG] DX: Position: 369 Target: 360 Reached: 0 Error: -9 Ekp: -9.00 Eki: 6.07 Ekd: -0.00 Direction: BACKWARD Power: 63
000:00:00:08.435 [MAI] [DEBUG] SX: Position: 358 Target: 360 Reached: 1 Error: 2 Ekp: 2.00 Eki: 6.61 Ekd: 0.00 Direction: BRAKE Power: 0
000:00:00:08.436 [MAI] [DEBUG] DX: Position: 369 Target: 360 Reached: 0 Error: -9 Ekp: -9.00 Eki: 6.07 Ekd: 0.00 Direction: BACKWARD Power: 63
000:00:00:08.467 [MAI] [DEBUG] SX: Position: 358 Target: 360 Reached: 1 Error: 2 Ekp: 2.00 Eki: 6.61 Ekd: 0.00 Direction: BRAKE Power: 0
000:00:00:08.469 [MAI] [DEBUG] DX: Position: 368 Target: 360 Reached: 0 Error: -8 Ekp: -8.00 Eki: 6.06 Ekd: 0.00 Direction: BACKWARD Power: 0
000:00:00:08.491 [MAI] [DEBUG] SX: Position: 358 Target: 360 Reached: 1 Error: 2 Ekp: 2.00 Eki: 6.61 Ekd: 0.00 Direction: BRAKE Power: 0
000:00:00:08.492 [MAI] [DEBUG] DX: Position: 372 Target: 360 Reached: 0 Error: -12 Ekp: -12.00 Eki: 6.06 Ekd: -0.01 Direction: BACKWARD Power: 63
000:00:00:08.511 [MAI] [DEBUG] SX: Position: 358 Target: 360 Reached: 1 Error: 2 Ekp: 2.00 Eki: 6.61 Ekd: 0.00 Direction: BRAKE Power: 0
000:00:00:08.520 [MAI] [DEBUG] DX: Position: 371 Target: 360 Reached: 0 Error: -11 Ekp: -11.00 Eki: 6.06 Ekd: 0.00 Direction: BACKWARD Power: 63
000:00:00:08.545 [MAI] [DEBUG] SX: Position: 358 Target: 360 Reached: 1 Error: 2 Ekp: 2.00 Eki: 6.61 Ekd: 0.00 Direction: BRAKE Power: 0
000:00:00:08.546 [MAI] [DEBUG] DX: Position: 363 Target: 360 Reached: 0 Error: -3 Ekp: -3.00 Eki: 6.06 Ekd: 0.03 Direction: FORWARD Power: 63
000:00:00:08.572 [MAI] [DEBUG] SX: Position: 358 Target: 360 Reached: 1 Error: 2 Ekp: 2.00 Eki: 6.61 Ekd: 0.00 Direction: BRAKE Power: 0
000:00:00:08.579 [MAI] [DEBUG] DX: Position: 363 Target: 360 Reached: 0 Error: -3 Ekp: -3.00 Eki: 6.06 Ekd: 0.00 Direction: FORWARD Power: 63
000:00:00:08.596 [MAI] [DEBUG] SX: Position: 358 Target: 360 Reached: 1 Error: 2 Ekp: 2.00 Eki: 6.61 Ekd: 0.00 Direction: BRAKE Power: 0
000:00:00:08.617 [MAI] [DEBUG] DX: Position: 371 Target: 360 Reached: 0 Error: -11 Ekp: -11.00 Eki: 6.05 Ekd: -0.03 Direction: BACKWARD Power: 63
000:00:00:08.635 [MAI] [DEBUG] SX: Position: 358 Target: 360 Reached: 1 Error: 2 Ekp: 2.00 Eki: 6.61 Ekd: 0.00 Direction: BRAKE Power: 0
000:00:00:08.637 [MAI] [DEBUG] DX: Position: 379 Target: 360 Reached: 0 Error: -19 Ekp: -19.00 Eki: 6.05 Ekd: -0.03 Direction: BACKWARD Power: 63
000:00:00:08.668 [MAI] [DEBUG] SX: Position: 358 Target: 360 Reached: 1 Error: 2 Ekp: 2.00 Eki: 6.62 Ekd: 0.00 Direction: BRAKE Power: 0
000:00:00:08.670 [MAI] [DEBUG] DX: Position: 380 Target: 360 Reached: 0 Error: -20 Ekp: -20.00 Eki: 6.04 Ekd: -0.00 Direction: BACKWARD Power: 63
000:00:00:08.694 [MAI] [DEBUG] SX: Position: 358 Target: 360 Reached: 1 Error: 2 Ekp: 2.00 Eki: 6.62 Ekd: 0.00 Direction: BRAKE Power: 0
000:00:00:08.696 [MAI] [DEBUG] DX: Position: 368 Target: 360 Reached: 0 Error: -8 Ekp: -8.00 Eki: 6.04 Ekd: 0.04 Direction: BACKWARD Power: 0
000:00:00:08.727 [MAI] [DEBUG] SX: Position: 358 Target: 360 Reached: 1 Error: 2 Ekp: 2.00 Eki: 6.62 Ekd: 0.00 Direction: BRAKE Power: 0
000:00:00:08.729 [MAI] [DEBUG] DX: Position: 364 Target: 360 Reached: 0 Error: -4 Ekp: -4.00 Eki: 6.04 Ekd: 0.01 Direction: FORWARD Power: 63
000:00:00:08.752 [MAI] [DEBUG] SX: Position: 358 Target: 360 Reached: 1 Error: 2 Ekp: 2.00 Eki: 6.62 Ekd: 0.00 Direction: BRAKE Power: 0
000:00:00:08.756 [MAI] [DEBUG] DX: Position: 347 Target: 360 Reached: 0 Error: 13 Ekp: 13.00 Eki: 6.04 Ekd: 0.05 Direction: FORWARD Power: 63
000:00:00:08.767 [MAI] [DEBUG] SX: Position: 358 Target: 360 Reached: 1 Error: 2 Ekp: 2.00 Eki: 6.62 Ekd: 0.00 Direction: BRAKE Power: 0
000:00:00:08.768 [MAI] [DEBUG] DX: Position: 355 Target: 360 Reached: 0 Error: 5 Ekp: 5.00 Eki: 6.04 Ekd: -0.03 Direction: FORWARD Power: 63
000:00:00:08.799 [MAI] [DEBUG] SX: Position: 358 Target: 360 Reached: 1 Error: 2 Ekp: 2.00 Eki: 6.62 Ekd: 0.00 Direction: BRAKE Power: 0
000:00:00:08.801 [MAI] [DEBUG] DX: Position: 356 Target: 360 Reached: 0 Error: 4 Ekp: 4.00 Eki: 6.04 Ekd: -0.01 Direction: FORWARD Power: 63
000:00:00:08.826 [MAI] [DEBUG] SX: Position: 358 Target: 360 Reached: 1 Error: 2 Ekp: 2.00 Eki: 6.62 Ekd: 0.00 Direction: BRAKE Power: 0
000:00:00:08.826 [MAI] [DEBUG] DX: Position: 360 Target: 360 Reached: 1 Error: 0 Ekp: 0.00 Eki: 6.04 Ekd: -0.01 Direction: BRAKE Power: 0
000:00:00:08.853 [MAI] [DEBUG] SX: Position: 358 Target: 360 Reached: 1 Error: 2 Ekp: 2.00 Eki: 6.62 Ekd: 0.00 Direction: BRAKE Power: 0
000:00:00:08.854 [MAI] [DEBUG] DX: Position: 356 Target: 360 Reached: 0 Error: 4 Ekp: 4.00 Eki: 6.04 Ekd: 0.01 Direction: FORWARD Power: 63
000:00:00:08.880 [MAI] [DEBUG] SX: Position: 358 Target: 360 Reached: 1 Error: 2 Ekp: 2.00 Eki: 6.62 Ekd: 0.00 Direction: BRAKE Power: 0
000:00:00:08.880 [MAI] [DEBUG] DX: Position: 349 Target: 360 Reached: 0 Error: 11 Ekp: 11.00 Eki: 6.05 Ekd: 0.02 Direction: FORWARD Power: 63
000:00:00:08.894 [MAI] [DEBUG] SX: Position: 358 Target: 360 Reached: 1 Error: 2 Ekp: 2.00 Eki: 6.62 Ekd: 0.00 Direction: BRAKE Power: 0
000:00:00:08.910 [MAI] [DEBUG] DX: Position: 354 Target: 360 Reached: 0 Error: 6 Ekp: 6.00 Eki: 6.05 Ekd: -0.02 Direction: FORWARD Power: 63
000:00:00:08.926 [MAI] [DEBUG] SX: Position: 358 Target: 360 Reached: 1 Error: 2 Ekp: 2.00 Eki: 6.62 Ekd: 0.00 Direction: BRAKE Power: 0
000:00:00:08.941 [MAI] [DEBUG] DX: Position: 356 Target: 360 Reached: 0 Error: 4 Ekp: 4.00 Eki: 6.05 Ekd: -0.01 Direction: FORWARD Power: 63
000:00:00:08.968 [MAI] [DEBUG] SX: Position: 358 Target: 360 Reached: 1 Error: 2 Ekp: 2.00 Eki: 6.62 Ekd: 0.00 Direction: BRAKE Power: 0
000:00:00:08.969 [MAI] [DEBUG] DX: Position: 360 Target: 360 Reached: 1 Error: 0 Ekp: 0.00 Eki: 6.05 Ekd: -0.01 Direction: BRAKE Power: 0
000:00:00:08.998 [MAI] [DEBUG] SX: Position: 358 Target: 360 Reached: 1 Error: 2 Ekp: 2.00 Eki: 6.62 Ekd: 0.00 Direction: BRAKE Power: 0
000:00:00:08.999 [MAI] [DEBUG] DX: Position: 348 Target: 360 Reached: 0 Error: 12 Ekp: 12.00 Eki: 6.05 Ekd: 0.04 Direction: FORWARD Power: 63
000:00:00:09.026 [MAI] [DEBUG] SX: Position: 358 Target: 360 Reached: 1 Error: 2 Ekp: 2.00 Eki: 6.62 Ekd: 0.00 Direction: BRAKE Power: 0
000:00:00:09.027 [MAI] [DEBUG] DX: Position: 346 Target: 360 Reached: 0 Error: 14 Ekp: 14.00 Eki: 6.06 Ekd: 0.01 Direction: FORWARD Power: 63
000:00:00:09.052 [MAI] [DEBUG] SX: Position: 358 Target: 360 Reached: 1 Error: 2 Ekp: 2.00 Eki: 6.62 Ekd: 0.00 Direction: BRAKE Power: 0
000:00:00:09.053 [MAI] [DEBUG] DX: Position: 354 Target: 360 Reached: 0 Error: 6 Ekp: 6.00 Eki: 6.06 Ekd: -0.03 Direction: FORWARD Power: 63
000:00:00:09.076 [MAI] [DEBUG] SX: Position: 358 Target: 360 Reached: 1 Error: 2 Ekp: 2.00 Eki: 6.62 Ekd: 0.00 Direction: BRAKE Power: 0
000:00:00:09.077 [MAI] [DEBUG] DX: Position: 362 Target: 360 Reached: 1 Error: -2 Ekp: -2.00 Eki: 6.06 Ekd: -0.03 Direction: BRAKE Power: 0
000:00:00:09.101 [MAI] [DEBUG] SX: Position: 358 Target: 360 Reached: 1 Error: 2 Ekp: 2.00 Eki: 6.62 Ekd: 0.00 Direction: BRAKE Power: 0
000:00:00:09.102 [MAI] [DEBUG] DX: Position: 366 Target: 360 Reached: 0 Error: -6 Ekp: -6.00 Eki: 6.06 Ekd: -0.02 Direction: FORWARD Power: 0
000:00:00:09.130 [MAI] [DEBUG] SX: Position: 358 Target: 360 Reached: 1 Error: 2 Ekp: 2.00 Eki: 6.62 Ekd: 0.00 Direction: BRAKE Power: 0
000:00:00:09.130 [MAI] [DEBUG] DX: Position: 360 Target: 360 Reached: 1 Error: 0 Ekp: 0.00 Eki: 6.06 Ekd: 0.02 Direction: BRAKE Power: 0
000:00:00:09.146 [MAI] [DEBUG] SX: Position: 358 Target: 360 Reached: 1 Error: 2 Ekp: 2.00 Eki: 6.63 Ekd: 0.00 Direction: BRAKE Power: 0
000:00:00:09.163 [MAI] [DEBUG] DX: Position: 359 Target: 360 Reached: 1 Error: 1 Ekp: 1.00 Eki: 6.06 Ekd: 0.00 Direction: BRAKE Power: 0
000:00:00:09.189 [MAI] [DEBUG] SX: Position: 358 Target: 360 Reached: 1 Error: 2 Ekp: 2.00 Eki: 6.63 Ekd: 0.00 Direction: BRAKE Power: 0
000:00:00:09.195 [MAI] [DEBUG] DX: Position: 365 Target: 360 Reached: 0 Error: -5 Ekp: -5.00 Eki: 6.06 Ekd: -0.02 Direction: FORWARD Power: 0
000:00:00:09.221 [MAI] [DEBUG] SX: Position: 358 Target: 360 Reached: 1 Error: 2 Ekp: 2.00 Eki: 6.63 Ekd: 0.00 Direction: BRAKE Power: 0
000:00:00:09.222 [MAI] [DEBUG] DX: Position: 362 Target: 360 Reached: 1 Error: -2 Ekp: -2.00 Eki: 6.06 Ekd: 0.01 Direction: BRAKE Power: 0
000:00:00:09.246 [MAI] [DEBUG] SX: Position: 358 Target: 360 Reached: 1 Error: 2 Ekp: 2.00 Eki: 6.63 Ekd: 0.00 Direction: BRAKE Power: 0
000:00:00:09.247 [MAI] [DEBUG] DX: Position: 362 Target: 360 Reached: 1 Error: -2 Ekp: -2.00 Eki: 6.06 Ekd: 0.00 Direction: BRAKE Power: 0
000:00:00:09.293 [MAI] [DEBUG] SX: Position: 358 Target: 360 Reached: 1 Error: 2 Ekp: 2.00 Eki: 6.63 Ekd: 0.00 Direction: BRAKE Power: 0
000:00:00:09.294 [MAI] [DEBUG] DX: Position: 357 Target: 360 Reached: 0 Error: 3 Ekp: 3.00 Eki: 6.06 Ekd: 0.02 Direction: FORWARD Power: 63
000:00:00:09.312 [MAI] [DEBUG] SX: Position: 358 Target: 360 Reached: 1 Error: 2 Ekp: 2.00 Eki: 6.63 Ekd: 0.00 Direction: BRAKE Power: 0
000:00:00:09.313 [MAI] [DEBUG] DX: Position: 354 Target: 360 Reached: 0 Error: 6 Ekp: 6.00 Eki: 6.06 Ekd: 0.01 Direction: FORWARD Power: 63
000:00:00:09.328 [MAI] [DEBUG] SX: Position: 358 Target: 360 Reached: 1 Error: 2 Ekp: 2.00 Eki: 6.63 Ekd: 0.00 Direction: BRAKE Power: 0
000:00:00:09.330 [MAI] [DEBUG] DX: Position: 348 Target: 360 Reached: 0 Error: 12 Ekp: 12.00 Eki: 6.06 Ekd: 0.03 Direction: FORWARD Power: 63
000:00:00:09.359 [MAI] [DEBUG] SX: Position: 358 Target: 360 Reached: 1 Error: 2 Ekp: 2.00 Eki: 6.63 Ekd: 0.00 Direction: BRAKE Power: 0
000:00:00:09.359 [MAI] [DEBUG] DX: Position: 350 Target: 360 Reached: 0 Error: 10 Ekp: 10.00 Eki: 6.06 Ekd: -0.01 Direction: FORWARD Power: 63
000:00:00:09.386 [MAI] [DEBUG] SX: Position: 358 Target: 360 Reached: 1 Error: 2 Ekp: 2.00 Eki: 6.63 Ekd: 0.00 Direction: BRAKE Power: 0
000:00:00:09.387 [MAI] [DEBUG] DX: Position: 342 Target: 360 Reached: 0 Error: 18 Ekp: 18.00 Eki: 6.07 Ekd: 0.03 Direction: FORWARD Power: 63
000:00:00:09.411 [MAI] [DEBUG] SX: Position: 358 Target: 360 Reached: 1 Error: 2 Ekp: 2.00 Eki: 6.63 Ekd: 0.00 Direction: BRAKE Power: 0
000:00:00:09.412 [MAI] [DEBUG] DX: Position: 344 Target: 360 Reached: 0 Error: 16 Ekp: 16.00 Eki: 6.07 Ekd: -0.01 Direction: FORWARD Power: 63
000:00:00:09.436 [MAI] [DEBUG] SX: Position: 358 Target: 360 Reached: 1 Error: 2 Ekp: 2.00 Eki: 6.63 Ekd: 0.00 Direction: BRAKE Power: 0
000:00:00:09.436 [MAI] [DEBUG] DX: Position: 346 Target: 360 Reached: 0 Error: 14 Ekp: 14.00 Eki: 6.08 Ekd: -0.01 Direction: FORWARD Power: 63
000:00:00:09.459 [MAI] [DEBUG] SX: Position: 358 Target: 360 Reached: 1 Error: 2 Ekp: 2.00 Eki: 6.63 Ekd: 0.00 Direction: BRAKE Power: 0
000:00:00:09.459 [MAI] [DEBUG] DX: Position: 354 Target: 360 Reached: 0 Error: 6 Ekp: 6.00 Eki: 6.08 Ekd: -0.03 Direction: FORWARD Power: 63
000:00:00:09.481 [MAI] [DEBUG] SX: Position: 358 Target: 360 Reached: 1 Error: 2 Ekp: 2.00 Eki: 6.63 Ekd: 0.00 Direction: BRAKE Power: 0
000:00:00:09.482 [MAI] [DEBUG] DX: Position: 356 Target: 360 Reached: 0 Error: 4 Ekp: 4.00 Eki: 6.08 Ekd: -0.01 Direction: FORWARD Power: 63
000:00:00:09.504 [MAI] [DEBUG] SX: Position: 358 Target: 360 Reached: 1 Error: 2 Ekp: 2.00 Eki: 6.63 Ekd: 0.00 Direction: BRAKE Power: 0
000:00:00:09.504 [MAI] [DEBUG] DX: Position: 358 Target: 360 Reached: 1 Error: 2 Ekp: 2.00 Eki: 6.08 Ekd: -0.01 Direction: BRAKE Power: 0
000:00:00:09.527 [MAI] [DEBUG] SX: Position: 358 Target: 360 Reached: 1 Error: 2 Ekp: 2.00 Eki: 6.63 Ekd: 0.00 Direction: BRAKE Power: 0
000:00:00:09.527 [MAI] [DEBUG] DX: Position: 360 Target: 360 Reached: 1 Error: 0 Ekp: 0.00 Eki: 6.08 Ekd: -0.01 Direction: BRAKE Power: 0
000:00:00:09.550 [MAI] [DEBUG] SX: Position: 358 Target: 360 Reached: 1 Error: 2 Ekp: 2.00 Eki: 6.63 Ekd: 0.00 Direction: BRAKE Power: 0
000:00:00:09.551 [MAI] [DEBUG] DX: Position: 358 Target: 360 Reached: 1 Error: 2 Ekp: 2.00 Eki: 6.08 Ekd: 0.01 Direction: BRAKE Power: 0
000:00:00:09.564 [MAI] [DEBUG] SX: Position: 358 Target: 360 Reached: 1 Error: 2 Ekp: 2.00 Eki: 6.63 Ekd: 0.00 Direction: BRAKE Power: 0
000:00:00:09.579 [MAI] [DEBUG] DX: Position: 362 Target: 360 Reached: 1 Error: -2 Ekp: -2.00 Eki: 6.08 Ekd: -0.02 Direction: BRAKE Power: 0
000:00:00:09.594 [MAI] [DEBUG] SX: Position: 358 Target: 360 Reached: 1 Error: 2 Ekp: 2.00 Eki: 6.63 Ekd: 0.00 Direction: BRAKE Power: 0
000:00:00:09.611 [MAI] [DEBUG] DX: Position: 367 Target: 360 Reached: 0 Error: -7 Ekp: -7.00 Eki: 6.08 Ekd: -0.02 Direction: BACKWARD Power: 0
000:00:00:09.629 [MAI] [DEBUG] SX: Position: 358 Target: 360 Reached: 1 Error: 2 Ekp: 2.00 Eki: 6.63 Ekd: 0.00 Direction: BRAKE Power: 0
000:00:00:09.647 [MAI] [DEBUG] DX: Position: 368 Target: 360 Reached: 0 Error: -8 Ekp: -8.00 Eki: 6.07 Ekd: -0.00 Direction: BACKWARD Power: 0
000:00:00:09.668 [MAI] [DEBUG] SX: Position: 358 Target: 360 Reached: 1 Error: 2 Ekp: 2.00 Eki: 6.64 Ekd: 0.00 Direction: BRAKE Power: 0
000:00:00:09.669 [MAI] [DEBUG] DX: Position: 373 Target: 360 Reached: 0 Error: -13 Ekp: -13.00 Eki: 6.07 Ekd: -0.01 Direction: BACKWARD Power: 63
000:00:00:09.701 [MAI] [DEBUG] SX: Position: 358 Target: 360 Reached: 1 Error: 2 Ekp: 2.00 Eki: 6.64 Ekd: 0.00 Direction: BRAKE Power: 0
000:00:00:09.706 [MAI] [DEBUG] DX: Position: 377 Target: 360 Reached: 0 Error: -17 Ekp: -17.00 Eki: 6.07 Ekd: -0.02 Direction: BACKWARD Power: 63
000:00:00:09.733 [MAI] [DEBUG] SX: Position: 358 Target: 360 Reached: 1 Error: 2 Ekp: 2.00 Eki: 6.64 Ekd: 0.00 Direction: BRAKE Power: 0
000:00:00:09.735 [MAI] [DEBUG] DX: Position: 387 Target: 360 Reached: 0 Error: -27 Ekp: -27.00 Eki: 6.06 Ekd: -0.03 Direction: BACKWARD Power: 63
000:00:00:09.755 [MAI] [DEBUG] SX: Position: 358 Target: 360 Reached: 1 Error: 2 Ekp: 2.00 Eki: 6.64 Ekd: 0.00 Direction: BRAKE Power: 0
000:00:00:09.756 [MAI] [DEBUG] DX: Position: 378 Target: 360 Reached: 0 Error: -18 Ekp: -18.00 Eki: 6.05 Ekd: 0.03 Direction: BACKWARD Power: 63
000:00:00:09.780 [MAI] [DEBUG] SX: Position: 358 Target: 360 Reached: 1 Error: 2 Ekp: 2.00 Eki: 6.64 Ekd: 0.00 Direction: BRAKE Power: 0
000:00:00:09.781 [MAI] [DEBUG] DX: Position: 373 Target: 360 Reached: 0 Error: -13 Ekp: -13.00 Eki: 6.05 Ekd: 0.02 Direction: BACKWARD Power: 63
000:00:00:09.810 [MAI] [DEBUG] SX: Position: 358 Target: 360 Reached: 1 Error: 2 Ekp: 2.00 Eki: 6.64 Ekd: 0.00 Direction: BRAKE Power: 0
000:00:00:09.816 [MAI] [DEBUG] DX: Position: 371 Target: 360 Reached: 0 Error: -11 Ekp: -11.00 Eki: 6.05 Ekd: 0.01 Direction: BACKWARD Power: 63
000:00:00:09.836 [MAI] [DEBUG] SX: Position: 358 Target: 360 Reached: 1 Error: 2 Ekp: 2.00 Eki: 6.64 Ekd: 0.00 Direction: BRAKE Power: 0
000:00:00:09.837 [MAI] [DEBUG] DX: Position: 370 Target: 360 Reached: 0 Error: -10 Ekp: -10.00 Eki: 6.04 Ekd: 0.00 Direction: BACKWARD Power: 63
000:00:00:09.853 [MAI] [DEBUG] SX: Position: 358 Target: 360 Reached: 1 Error: 2 Ekp: 2.00 Eki: 6.64 Ekd: 0.00 Direction: BRAKE Power: 0
000:00:00:09.874 [MAI] [DEBUG] DX: Position: 355 Target: 360 Reached: 0 Error: 5 Ekp: 5.00 Eki: 6.05 Ekd: 0.06 Direction: FORWARD Power: 63
000:00:00:09.885 [MAI] [DEBUG] SX: Position: 358 Target: 360 Reached: 1 Error: 2 Ekp: 2.00 Eki: 6.64 Ekd: 0.00 Direction: BRAKE Power: 0
000:00:00:09.885 [MAI] [DEBUG] DX: Position: 354 Target: 360 Reached: 0 Error: 6 Ekp: 6.00 Eki: 6.05 Ekd: 0.00 Direction: FORWARD Power: 63
000:00:00:09.907 [MAI] [DEBUG] SX: Position: 358 Target: 360 Reached: 1 Error: 2 Ekp: 2.00 Eki: 6.64 Ekd: 0.00 Direction: BRAKE Power: 0
000:00:00:09.908 [MAI] [DEBUG] DX: Position: 354 Target: 360 Reached: 0 Error: 6 Ekp: 6.00 Eki: 6.05 Ekd: 0.00 Direction: FORWARD Power: 63
000:00:00:09.943 [MAI] [DEBUG] SX: Position: 358 Target: 360 Reached: 1 Error: 2 Ekp: 2.00 Eki: 6.64 Ekd: 0.00 Direction: BRAKE Power: 0
000:00:00:09.944 [MAI] [DEBUG] DX: Position: 347 Target: 360 Reached: 0 Error: 13 Ekp: 13.00 Eki: 6.05 Ekd: 0.02 Direction: FORWARD Power: 63
000:00:00:09.970 [MAI] [DEBUG] SX: Position: 358 Target: 360 Reached: 1 Error: 2 Ekp: 2.00 Eki: 6.64 Ekd: 0.00 Direction: BRAKE Power: 0
000:00:00:09.972 [MAI] [DEBUG] DX: Position: 341 Target: 360 Reached: 0 Error: 19 Ekp: 19.00 Eki: 6.06 Ekd: 0.02 Direction: FORWARD Power: 63
000:00:00:09.992 [MAI] [DEBUG] SX: Position: 358 Target: 360 Reached: 1 Error: 2 Ekp: 2.00 Eki: 6.64 Ekd: 0.00 Direction: BRAKE Power: 0
000:00:00:09.993 [MAI] [DEBUG] DX: Position: 345 Target: 360 Reached: 0 Error: 15 Ekp: 15.00 Eki: 6.06 Ekd: -0.01 Direction: FORWARD Power: 63
000:00:00:10.027 [MAI] [DEBUG] SX: Position: 358 Target: 360 Reached: 1 Error: 2 Ekp: 2.00 Eki: 6.64 Ekd: 0.00 Direction: BRAKE Power: 0
000:00:00:10.028 [MAI] [DEBUG] DX: Position: 356 Target: 360 Reached: 0 Error: 4 Ekp: 4.00 Eki: 6.06 Ekd: -0.05 Direction: FORWARD Power: 63
000:00:00:10.042 [MAI] [DEBUG] SX: Position: 358 Target: 360 Reached: 1 Error: 2 Ekp: 2.00 Eki: 6.64 Ekd: 0.00 Direction: BRAKE Power: 0
000:00:00:10.044 [MAI] [DEBUG] DX: Position: 358 Target: 360 Reached: 1 Error: 2 Ekp: 2.00 Eki: 6.06 Ekd: -0.01 Direction: BRAKE Power: 0
000:00:00:10.079 [MAI] [DEBUG] SX: Position: 358 Target: 360 Reached: 1 Error: 2 Ekp: 2.00 Eki: 6.64 Ekd: 0.00 Direction: BRAKE Power: 0
000:00:00:10.080 [MAI] [DEBUG] DX: Position: 359 Target: 360 Reached: 1 Error: 1 Ekp: 1.00 Eki: 6.06 Ekd: -0.00 Direction: BRAKE Power: 0
000:00:00:10.098 [MAI] [DEBUG] SX: Position: 358 Target: 360 Reached: 1 Error: 2 Ekp: 2.00 Eki: 6.64 Ekd: 0.00 Direction: BRAKE Power: 0
000:00:00:10.099 [MAI] [DEBUG] DX: Position: 352 Target: 360 Reached: 0 Error: 8 Ekp: 8.00 Eki: 6.07 Ekd: 0.03 Direction: FORWARD Power: 63
000:00:00:10.115 [MAI] [DEBUG] SX: Position: 358 Target: 360 Reached: 1 Error: 2 Ekp: 2.00 Eki: 6.64 Ekd: 0.00 Direction: BRAKE Power: 0
000:00:00:10.132 [MAI] [DEBUG] DX: Position: 359 Target: 360 Reached: 1 Error: 1 Ekp: 1.00 Eki: 6.07 Ekd: -0.02 Direction: BRAKE Power: 0
000:00:00:10.152 [MAI] [DEBUG] SX: Position: 358 Target: 360 Reached: 1 Error: 2 Ekp: 2.00 Eki: 6.65 Ekd: 0.00 Direction: BRAKE Power: 0
000:00:00:10.153 [MAI] [DEBUG] DX: Position: 365 Target: 360 Reached: 0 Error: -5 Ekp: -5.00 Eki: 6.06 Ekd: -0.02 Direction: FORWARD Power: 0
000:00:00:10.179 [MAI] [DEBUG] SX: Position: 358 Target: 360 Reached: 1 Error: 2 Ekp: 2.00 Eki: 6.65 Ekd: 0.00 Direction: BRAKE Power: 0
000:00:00:10.180 [MAI] [DEBUG] DX: Position: 369 Target: 360 Reached: 0 Error: -9 Ekp: -9.00 Eki: 6.06 Ekd: -0.02 Direction: BACKWARD Power: 63
000:00:00:10.197 [MAI] [DEBUG] SX: Position: 358 Target: 360 Reached: 1 Error: 2 Ekp: 2.00 Eki: 6.65 Ekd: 0.00 Direction: BRAKE Power: 0
000:00:00:10.221 [MAI] [DEBUG] DX: Position: 373 Target: 360 Reached: 0 Error: -13 Ekp: -13.00 Eki: 6.06 Ekd: -0.02 Direction: BACKWARD Power: 63
000:00:00:10.240 [MAI] [DEBUG] SX: Position: 358 Target: 360 Reached: 1 Error: 2 Ekp: 2.00 Eki: 6.65 Ekd: 0.00 Direction: BRAKE Power: 0
000:00:00:10.241 [MAI] [DEBUG] DX: Position: 367 Target: 360 Reached: 0 Error: -7 Ekp: -7.00 Eki: 6.06 Ekd: 0.02 Direction: BACKWARD Power: 0
000:00:00:10.264 [MAI] [DEBUG] SX: Position: 358 Target: 360 Reached: 1 Error: 2 Ekp: 2.00 Eki: 6.65 Ekd: 0.00 Direction: BRAKE Power: 0
000:00:00:10.265 [MAI] [DEBUG] DX: Position: 366 Target: 360 Reached: 0 Error: -6 Ekp: -6.00 Eki: 6.05 Ekd: 0.00 Direction: FORWARD Power: 0
000:00:00:10.298 [MAI] [DEBUG] SX: Position: 358 Target: 360 Reached: 1 Error: 2 Ekp: 2.00 Eki: 6.65 Ekd: 0.00 Direction: BRAKE Power: 0
000:00:00:10.305 [MAI] [DEBUG] DX: Position: 361 Target: 360 Reached: 1 Error: -1 Ekp: -1.00 Eki: 6.05 Ekd: 0.02 Direction: BRAKE Power: 0
000:00:00:10.317 [MAI] [DEBUG] SX: Position: 358 Target: 360 Reached: 1 Error: 2 Ekp: 2.00 Eki: 6.65 Ekd: 0.00 Direction: BRAKE Power: 0
000:00:00:10.324 [MAI] [DEBUG] DX: Position: 351 Target: 360 Reached: 0 Error: 9 Ekp: 9.00 Eki: 6.06 Ekd: 0.03 Direction: FORWARD Power: 63
000:00:00:10.335 [MAI] [DEBUG] SX: Position: 358 Target: 360 Reached: 1 Error: 2 Ekp: 2.00 Eki: 6.65 Ekd: 0.00 Direction: BRAKE Power: 0
000:00:00:10.336 [MAI] [DEBUG] DX: Position: 349 Target: 360 Reached: 0 Error: 11 Ekp: 11.00 Eki: 6.06 Ekd: 0.01 Direction: FORWARD Power: 63
000:00:00:10.370 [MAI] [DEBUG] SX: Position: 358 Target: 360 Reached: 1 Error: 2 Ekp: 2.00 Eki: 6.65 Ekd: 0.00 Direction: BRAKE Power: 0
000:00:00:10.371 [MAI] [DEBUG] DX: Position: 348 Target: 360 Reached: 0 Error: 12 Ekp: 12.00 Eki: 6.06 Ekd: 0.01 Direction: FORWARD Power: 63
000:00:00:10.395 [MAI] [DEBUG] SX: Position: 358 Target: 360 Reached: 1 Error: 2 Ekp: 2.00 Eki: 6.65 Ekd: 0.00 Direction: BRAKE Power: 0
000:00:00:10.397 [MAI] [DEBUG] DX: Position: 332 Target: 360 Reached: 0 Error: 28 Ekp: 28.00 Eki: 6.07 Ekd: 0.06 Direction: FORWARD Power: 63
000:00:00:10.418 [MAI] [DEBUG] SX: Position: 358 Target: 360 Reached: 1 Error: 2 Ekp: 2.00 Eki: 6.65 Ekd: 0.00 Direction: BRAKE Power: 0
000:00:00:10.419 [MAI] [DEBUG] DX: Position: 334 Target: 360 Reached: 0 Error: 26 Ekp: 26.00 Eki: 6.08 Ekd: -0.01 Direction: FORWARD Power: 63
000:00:00:10.452 [MAI] [DEBUG] SX: Position: 358 Target: 360 Reached: 1 Error: 2 Ekp: 2.00 Eki: 6.65 Ekd: 0.00 Direction: BRAKE Power: 0
000:00:00:10.453 [MAI] [DEBUG] DX: Position: 326 Target: 360 Reached: 0 Error: 34 Ekp: 34.00 Eki: 6.09 Ekd: 0.02 Direction: FORWARD Power: 63
000:00:00:10.485 [MAI] [DEBUG] SX: Position: 358 Target: 360 Reached: 1 Error: 2 Ekp: 2.00 Eki: 6.65 Ekd: 0.00 Direction: BRAKE Power: 0
000:00:00:10.486 [MAI] [DEBUG] DX: Position: 318 Target: 360 Reached: 0 Error: 42 Ekp: 42.00 Eki: 6.10 Ekd: 0.02 Direction: FORWARD Power: 63
000:00:00:10.501 [MAI] [DEBUG] SX: Position: 358 Target: 360 Reached: 1 Error: 2 Ekp: 2.00 Eki: 6.65 Ekd: 0.00 Direction: BRAKE Power: 0
000:00:00:10.516 [MAI] [DEBUG] DX: Position: 316 Target: 360 Reached: 0 Error: 44 Ekp: 44.00 Eki: 6.12 Ekd: 0.01 Direction: FORWARD Power: 63
000:00:00:10.532 [MAI] [DEBUG] SX: Position: 358 Target: 360 Reached: 1 Error: 2 Ekp: 2.00 Eki: 6.65 Ekd: 0.00 Direction: BRAKE Power: 0
000:00:00:10.546 [MAI] [DEBUG] DX: Position: 320 Target: 360 Reached: 0 Error: 40 Ekp: 40.00 Eki: 6.13 Ekd: -0.01 Direction: FORWARD Power: 63
000:00:00:10.573 [MAI] [DEBUG] SX: Position: 358 Target: 360 Reached: 1 Error: 2 Ekp: 2.00 Eki: 6.65 Ekd: 0.00 Direction: BRAKE Power: 0
000:00:00:10.574 [MAI] [DEBUG] DX: Position: 320 Target: 360 Reached: 0 Error: 40 Ekp: 40.00 Eki: 6.14 Ekd: 0.00 Direction: FORWARD Power: 63
000:00:00:10.600 [MAI] [DEBUG] SX: Position: 358 Target: 360 Reached: 1 Error: 2 Ekp: 2.00 Eki: 6.65 Ekd: 0.00 Direction: BRAKE Power: 0
000:00:00:10.600 [MAI] [DEBUG] DX: Position: 328 Target: 360 Reached: 0 Error: 32 Ekp: 32.00 Eki: 6.15 Ekd: -0.03 Direction: FORWARD Power: 63
000:00:00:10.626 [MAI] [DEBUG] SX: Position: 358 Target: 360 Reached: 1 Error: 2 Ekp: 2.00 Eki: 6.65 Ekd: 0.00 Direction: BRAKE Power: 0
000:00:00:10.626 [MAI] [DEBUG] DX: Position: 330 Target: 360 Reached: 0 Error: 30 Ekp: 30.00 Eki: 6.16 Ekd: -0.01 Direction: FORWARD Power: 63
000:00:00:10.651 [MAI] [DEBUG] SX: Position: 358 Target: 360 Reached: 1 Error: 2 Ekp: 2.00 Eki: 6.66 Ekd: 0.00 Direction: BRAKE Power: 0
000:00:00:10.652 [MAI] [DEBUG] DX: Position: 332 Target: 360 Reached: 0 Error: 28 Ekp: 28.00 Eki: 6.16 Ekd: -0.01 Direction: FORWARD Power: 63
000:00:00:10.677 [MAI] [DEBUG] SX: Position: 358 Target: 360 Reached: 1 Error: 2 Ekp: 2.00 Eki: 6.66 Ekd: 0.00 Direction: BRAKE Power: 0
000:00:00:10.677 [MAI] [DEBUG] DX: Position: 326 Target: 360 Reached: 0 Error: 34 Ekp: 34.00 Eki: 6.17 Ekd: 0.02 Direction: FORWARD Power: 63
000:00:00:10.703 [MAI] [DEBUG] SX: Position: 358 Target: 360 Reached: 1 Error: 2 Ekp: 2.00 Eki: 6.66 Ekd: 0.00 Direction: BRAKE Power: 0
000:00:00:10.703 [MAI] [DEBUG] DX: Position: 330 Target: 360 Reached: 0 Error: 30 Ekp: 30.00 Eki: 6.18 Ekd: -0.02 Direction: FORWARD Power: 63
000:00:00:10.729 [MAI] [DEBUG] SX: Position: 358 Target: 360 Reached: 1 Error: 2 Ekp: 2.00 Eki: 6.66 Ekd: 0.00 Direction: BRAKE Power: 0
000:00:00:10.729 [MAI] [DEBUG] DX: Position: 326 Target: 360 Reached: 0 Error: 34 Ekp: 34.00 Eki: 6.19 Ekd: 0.02 Direction: FORWARD Power: 63
000:00:00:10.754 [MAI] [DEBUG] SX: Position: 358 Target: 360 Reached: 1 Error: 2 Ekp: 2.00 Eki: 6.66 Ekd: 0.00 Direction: BRAKE Power: 0
000:00:00:10.755 [MAI] [DEBUG] DX: Position: 326 Target: 360 Reached: 0 Error: 34 Ekp: 34.00 Eki: 6.20 Ekd: 0.00 Direction: FORWARD Power: 63
000:00:00:10.780 [MAI] [DEBUG] SX: Position: 358 Target: 360 Reached: 1 Error: 2 Ekp: 2.00 Eki: 6.66 Ekd: 0.00 Direction: BRAKE Power: 0
000:00:00:10.781 [MAI] [DEBUG] DX: Position: 324 Target: 360 Reached: 0 Error: 36 Ekp: 36.00 Eki: 6.21 Ekd: 0.01 Direction: FORWARD Power: 63
000:00:00:10.820 [MAI] [DEBUG] SX: Position: 358 Target: 360 Reached: 1 Error: 2 Ekp: 2.00 Eki: 6.66 Ekd: 0.00 Direction: BRAKE Power: 0
000:00:00:10.821 [MAI] [DEBUG] DX: Position: 320 Target: 360 Reached: 0 Error: 40 Ekp: 40.00 Eki: 6.22 Ekd: 0.01 Direction: FORWARD Power: 63
000:00:00:10.835 [MAI] [DEBUG] SX: Position: 358 Target: 360 Reached: 1 Error: 2 Ekp: 2.00 Eki: 6.66 Ekd: 0.00 Direction: BRAKE Power: 0
000:00:00:10.835 [MAI] [DEBUG] DX: Position: 324 Target: 360 Reached: 0 Error: 36 Ekp: 36.00 Eki: 6.23 Ekd: -0.01 Direction: FORWARD Power: 63
000:00:00:10.862 [MAI] [DEBUG] SX: Position: 358 Target: 360 Reached: 1 Error: 2 Ekp: 2.00 Eki: 6.66 Ekd: 0.00 Direction: BRAKE Power: 0
000:00:00:10.862 [MAI] [DEBUG] DX: Position: 322 Target: 360 Reached: 0 Error: 38 Ekp: 38.00 Eki: 6.24 Ekd: 0.01 Direction: FORWARD Power: 63
000:00:00:10.888 [MAI] [DEBUG] SX: Position: 358 Target: 360 Reached: 1 Error: 2 Ekp: 2.00 Eki: 6.66 Ekd: 0.00 Direction: BRAKE Power: 0
000:00:00:10.889 [MAI] [DEBUG] DX: Position: 326 Target: 360 Reached: 0 Error: 34 Ekp: 34.00 Eki: 6.25 Ekd: -0.01 Direction: FORWARD Power: 63
000:00:00:10.914 [MAI] [DEBUG] SX: Position: 358 Target: 360 Reached: 1 Error: 2 Ekp: 2.00 Eki: 6.66 Ekd: 0.00 Direction: BRAKE Power: 0
000:00:00:10.915 [MAI] [DEBUG] DX: Position: 334 Target: 360 Reached: 0 Error: 26 Ekp: 26.00 Eki: 6.25 Ekd: -0.03 Direction: FORWARD Power: 63
000:00:00:10.940 [MAI] [DEBUG] SX: Position: 358 Target: 360 Reached: 1 Error: 2 Ekp: 2.00 Eki: 6.66 Ekd: 0.00 Direction: BRAKE Power: 0
000:00:00:10.940 [MAI] [DEBUG] DX: Position: 330 Target: 360 Reached: 0 Error: 30 Ekp: 30.00 Eki: 6.26 Ekd: 0.02 Direction: FORWARD Power: 63
000:00:00:10.966 [MAI] [DEBUG] SX: Position: 358 Target: 360 Reached: 1 Error: 2 Ekp: 2.00 Eki: 6.66 Ekd: 0.00 Direction: BRAKE Power: 0
000:00:00:10.967 [MAI] [DEBUG] DX: Position: 328 Target: 360 Reached: 0 Error: 32 Ekp: 32.00 Eki: 6.27 Ekd: 0.01 Direction: FORWARD Power: 63
000:00:00:10.993 [MAI] [DEBUG] SX: Position: 358 Target: 360 Reached: 1 Error: 2 Ekp: 2.00 Eki: 6.66 Ekd: 0.00 Direction: BRAKE Power: 0
000:00:00:10.994 [MAI] [DEBUG] DX: Position: 332 Target: 360 Reached: 0 Error: 28 Ekp: 28.00 Eki: 6.28 Ekd: -0.01 Direction: FORWARD Power: 63

